# JRE version: Java(TM) SE Runtime Environment (7.0_71-b14) (build 1.7.0_71-b14)
# Java VM: Java HotSpot(TM) 64-Bit Server VM (24.71-b01 mixed mode windows-amd64 compressed oops)
Heap
 PSYoungGen      total 311808K, used 265288K [0x00000000eaa80000, 0x00000000ffd80000, 0x0000000100000000)
  eden space 274944K, 93% used [0x00000000eaa80000,0x00000000fa6c61b0,0x00000000fb700000)
  from space 36864K, 18% used [0x00000000fb700000,0x00000000fbdcc010,0x00000000fdb00000)
  to   space 35328K, 0% used [0x00000000fdb00000,0x00000000fdb00000,0x00000000ffd80000)
 ParOldGen       total 76800K, used 48286K [0x00000000c0000000, 0x00000000c4b00000, 0x00000000eaa80000)
  object space 76800K, 62% used [0x00000000c0000000,0x00000000c2f27a38,0x00000000c4b00000)
 PSPermGen       total 108032K, used 59265K [0x00000000b0000000, 0x00000000b6980000, 0x00000000c0000000)
  object space 108032K, 54% used [0x00000000b0000000,0x00000000b39e04b0,0x00000000b6980000)
GC Heap History (10 events):
Event: 217.870 GC heap before
{Heap before GC invocations=23 (full 3):
 PSYoungGen      total 312320K, used 7136K [0x00000000eaa80000, 0x0000000100000000, 0x0000000100000000)
  eden space 273920K, 0% used [0x00000000eaa80000,0x00000000eaa80000,0x00000000fb600000)
  from space 38400K, 18% used [0x00000000fda80000,0x00000000fe178000,0x0000000100000000)
  to   space 37376K, 0% used [0x00000000fb600000,0x00000000fb600000,0x00000000fda80000)
 ParOldGen       total 76800K, used 75449K [0x00000000c0000000, 0x00000000c4b00000, 0x00000000eaa80000)
  object space 76800K, 98% used [0x00000000c0000000,0x00000000c49ae648,0x00000000c4b00000)
 PSPermGen       total 111104K, used 55694K [0x00000000b0000000, 0x00000000b6c80000, 0x00000000c0000000)
  object space 111104K, 50% used [0x00000000b0000000,0x00000000b3663af8,0x00000000b6c80000)
Event: 218.597 GC heap after
Heap after GC invocations=23 (full 3):
 PSYoungGen      total 312320K, used 0K [0x00000000eaa80000, 0x0000000100000000, 0x0000000100000000)
  eden space 273920K, 0% used [0x00000000eaa80000,0x00000000eaa80000,0x00000000fb600000)
  from space 38400K, 0% used [0x00000000fda80000,0x00000000fda80000,0x0000000100000000)
  to   space 37376K, 0% used [0x00000000fb600000,0x00000000fb600000,0x00000000fda80000)
 ParOldGen       total 76800K, used 49194K [0x00000000c0000000, 0x00000000c4b00000, 0x00000000eaa80000)
  object space 76800K, 64% used [0x00000000c0000000,0x00000000c300a8c0,0x00000000c4b00000)
 PSPermGen       total 111616K, used 55688K [0x00000000b0000000, 0x00000000b6d00000, 0x00000000c0000000)
  object space 111616K, 49% used [0x00000000b0000000,0x00000000b36621b8,0x00000000b6d00000)
}
Event: 230.589 GC heap before
{Heap before GC invocations=24 (full 3):
 PSYoungGen      total 312320K, used 3552K [0x00000000eaa80000, 0x0000000100000000, 0x0000000100000000)
  eden space 273920K, 1% used [0x00000000eaa80000,0x00000000eadf8038,0x00000000fb600000)
  from space 38400K, 0% used [0x00000000fda80000,0x00000000fda80000,0x0000000100000000)
  to   space 37376K, 0% used [0x00000000fb600000,0x00000000fb600000,0x00000000fda80000)
 ParOldGen       total 76800K, used 49194K [0x00000000c0000000, 0x00000000c4b00000, 0x00000000eaa80000)
  object space 76800K, 64% used [0x00000000c0000000,0x00000000c300a8c0,0x00000000c4b00000)
 PSPermGen       total 111616K, used 55689K [0x00000000b0000000, 0x00000000b6d00000, 0x00000000c0000000)
  object space 111616K, 49% used [0x00000000b0000000,0x00000000b3662500,0x00000000b6d00000)
Event: 230.644 GC heap after
Heap after GC invocations=24 (full 3):
 PSYoungGen      total 311296K, used 32K [0x00000000eaa80000, 0x0000000100000000, 0x0000000100000000)
  eden space 273920K, 0% used [0x00000000eaa80000,0x00000000eaa80000,0x00000000fb600000)
  from space 37376K, 0% used [0x00000000fb600000,0x00000000fb608000,0x00000000fda80000)
  to   space 37376K, 0% used [0x00000000fdb80000,0x00000000fdb80000,0x0000000100000000)
 ParOldGen       total 76800K, used 49194K [0x00000000c0000000, 0x00000000c4b00000, 0x00000000eaa80000)
  object space 76800K, 64% used [0x00000000c0000000,0x00000000c300a8c0,0x00000000c4b00000)
 PSPermGen       total 111616K, used 55689K [0x00000000b0000000, 0x00000000b6d00000, 0x00000000c0000000)
  object space 111616K, 49% used [0x00000000b0000000,0x00000000b3662500,0x00000000b6d00000)
}
Event: 230.644 GC heap before
{Heap before GC invocations=25 (full 4):
 PSYoungGen      total 311296K, used 32K [0x00000000eaa80000, 0x0000000100000000, 0x0000000100000000)
  eden space 273920K, 0% used [0x00000000eaa80000,0x00000000eaa80000,0x00000000fb600000)
  from space 37376K, 0% used [0x00000000fb600000,0x00000000fb608000,0x00000000fda80000)
  to   space 37376K, 0% used [0x00000000fdb80000,0x00000000fdb80000,0x0000000100000000)
 ParOldGen       total 76800K, used 49194K [0x00000000c0000000, 0x00000000c4b00000, 0x00000000eaa80000)
  object space 76800K, 64% used [0x00000000c0000000,0x00000000c300a8c0,0x00000000c4b00000)
 PSPermGen       total 111616K, used 55689K [0x00000000b0000000, 0x00000000b6d00000, 0x00000000c0000000)
  object space 111616K, 49% used [0x00000000b0000000,0x00000000b3662500,0x00000000b6d00000)
Event: 231.078 GC heap after
Heap after GC invocations=25 (full 4):
 PSYoungGen      total 311296K, used 0K [0x00000000eaa80000, 0x0000000100000000, 0x0000000100000000)
  eden space 273920K, 0% used [0x00000000eaa80000,0x00000000eaa80000,0x00000000fb600000)
  from space 37376K, 0% used [0x00000000fb600000,0x00000000fb600000,0x00000000fda80000)
  to   space 37376K, 0% used [0x00000000fdb80000,0x00000000fdb80000,0x0000000100000000)
 ParOldGen       total 76800K, used 48286K [0x00000000c0000000, 0x00000000c4b00000, 0x00000000eaa80000)
  object space 76800K, 62% used [0x00000000c0000000,0x00000000c2f27a38,0x00000000c4b00000)
 PSPermGen       total 108032K, used 55689K [0x00000000b0000000, 0x00000000b6980000, 0x00000000c0000000)
  object space 108032K, 51% used [0x00000000b0000000,0x00000000b3662500,0x00000000b6980000)
}
Event: 298.686 GC heap before
{Heap before GC invocations=26 (full 4):
 PSYoungGen      total 311296K, used 273920K [0x00000000eaa80000, 0x0000000100000000, 0x0000000100000000)
  eden space 273920K, 100% used [0x00000000eaa80000,0x00000000fb600000,0x00000000fb600000)
  from space 37376K, 0% used [0x00000000fb600000,0x00000000fb600000,0x00000000fda80000)
  to   space 37376K, 0% used [0x00000000fdb80000,0x00000000fdb80000,0x0000000100000000)
 ParOldGen       total 76800K, used 48286K [0x00000000c0000000, 0x00000000c4b00000, 0x00000000eaa80000)
  object space 76800K, 62% used [0x00000000c0000000,0x00000000c2f27a38,0x00000000c4b00000)
 PSPermGen       total 108032K, used 55792K [0x00000000b0000000, 0x00000000b6980000, 0x00000000c0000000)
  object space 108032K, 51% used [0x00000000b0000000,0x00000000b367c228,0x00000000b6980000)
Event: 298.711 GC heap after
Heap after GC invocations=26 (full 4):
 PSYoungGen      total 311296K, used 17444K [0x00000000eaa80000, 0x00000000fff00000, 0x0000000100000000)
  eden space 274944K, 0% used [0x00000000eaa80000,0x00000000eaa80000,0x00000000fb700000)
  from space 36352K, 47% used [0x00000000fdb80000,0x00000000fec89158,0x00000000fff00000)
  to   space 36864K, 0% used [0x00000000fb700000,0x00000000fb700000,0x00000000fdb00000)
 ParOldGen       total 76800K, used 48286K [0x00000000c0000000, 0x00000000c4b00000, 0x00000000eaa80000)
  object space 76800K, 62% used [0x00000000c0000000,0x00000000c2f27a38,0x00000000c4b00000)
 PSPermGen       total 108032K, used 55792K [0x00000000b0000000, 0x00000000b6980000, 0x00000000c0000000)
  object space 108032K, 51% used [0x00000000b0000000,0x00000000b367c228,0x00000000b6980000)
}
Event: 353.763 GC heap before
{Heap before GC invocations=27 (full 4):
 PSYoungGen      total 311296K, used 292388K [0x00000000eaa80000, 0x00000000fff00000, 0x0000000100000000)
  eden space 274944K, 100% used [0x00000000eaa80000,0x00000000fb700000,0x00000000fb700000)
  from space 36352K, 47% used [0x00000000fdb80000,0x00000000fec89158,0x00000000fff00000)
  to   space 36864K, 0% used [0x00000000fb700000,0x00000000fb700000,0x00000000fdb00000)
 ParOldGen       total 76800K, used 48286K [0x00000000c0000000, 0x00000000c4b00000, 0x00000000eaa80000)
  object space 76800K, 62% used [0x00000000c0000000,0x00000000c2f27a38,0x00000000c4b00000)
 PSPermGen       total 108032K, used 55815K [0x00000000b0000000, 0x00000000b6980000, 0x00000000c0000000)
  object space 108032K, 51% used [0x00000000b0000000,0x00000000b3681f68,0x00000000b6980000)
Event: 353.782 GC heap after
Heap after GC invocations=27 (full 4):
 PSYoungGen      total 311808K, used 6960K [0x00000000eaa80000, 0x00000000ffd80000, 0x0000000100000000)
  eden space 274944K, 0% used [0x00000000eaa80000,0x00000000eaa80000,0x00000000fb700000)
  from space 36864K, 18% used [0x00000000fb700000,0x00000000fbdcc010,0x00000000fdb00000)
  to   space 35328K, 0% used [0x00000000fdb00000,0x00000000fdb00000,0x00000000ffd80000)
 ParOldGen       total 76800K, used 48286K [0x00000000c0000000, 0x00000000c4b00000, 0x00000000eaa80000)
  object space 76800K, 62% used [0x00000000c0000000,0x00000000c2f27a38,0x00000000c4b00000)
 PSPermGen       total 108032K, used 55815K [0x00000000b0000000, 0x00000000b6980000, 0x00000000c0000000)
  object space 108032K, 51% used [0x00000000b0000000,0x00000000b3681f68,0x00000000b6980000)
}

