# JRE version: Java(TM) SE Runtime Environment (7.0_71-b14) (build 1.7.0_71-b14)
# Java VM: Java HotSpot(TM) 64-Bit Server VM (24.71-b01 mixed mode windows-amd64 compressed oops)
Heap
 PSYoungGen      total 140800K, used 46989K [0x00000000eaa80000, 0x00000000f3f80000, 0x0000000100000000)
  eden space 131072K, 35% used [0x00000000eaa80000,0x00000000ed863640,0x00000000f2a80000)
  from space 9728K, 0% used [0x00000000f3600000,0x00000000f3600000,0x00000000f3f80000)
  to   space 10752K, 0% used [0x00000000f2a80000,0x00000000f2a80000,0x00000000f3500000)
 ParOldGen       total 77312K, used 39971K [0x00000000c0000000, 0x00000000c4b80000, 0x00000000eaa80000)
  object space 77312K, 51% used [0x00000000c0000000,0x00000000c2708f00,0x00000000c4b80000)
 PSPermGen       total 79872K, used 41936K [0x00000000b0000000, 0x00000000b4e00000, 0x00000000c0000000)
  object space 79872K, 52% used [0x00000000b0000000,0x00000000b28f4120,0x00000000b4e00000)
GC Heap History (10 events):
Event: 6.882 GC heap before
{Heap before GC invocations=5 (full 0):
 PSYoungGen      total 68096K, used 68064K [0x00000000eaa80000, 0x00000000eef80000, 0x0000000100000000)
  eden space 65536K, 100% used [0x00000000eaa80000,0x00000000eea80000,0x00000000eea80000)
  from space 2560K, 98% used [0x00000000eed00000,0x00000000eef78020,0x00000000eef80000)
  to   space 2560K, 0% used [0x00000000eea80000,0x00000000eea80000,0x00000000eed00000)
 ParOldGen       total 41984K, used 9013K [0x00000000c0000000, 0x00000000c2900000, 0x00000000eaa80000)
  object space 41984K, 21% used [0x00000000c0000000,0x00000000c08cd430,0x00000000c2900000)
 PSPermGen       total 23552K, used 23523K [0x00000000b0000000, 0x00000000b1700000, 0x00000000c0000000)
  object space 23552K, 99% used [0x00000000b0000000,0x00000000b16f8e78,0x00000000b1700000)
Event: 6.900 GC heap after
Heap after GC invocations=5 (full 0):
 PSYoungGen      total 68096K, used 2528K [0x00000000eaa80000, 0x00000000f4180000, 0x0000000100000000)
  eden space 65536K, 0% used [0x00000000eaa80000,0x00000000eaa80000,0x00000000eea80000)
  from space 2560K, 98% used [0x00000000eea80000,0x00000000eecf8020,0x00000000eed00000)
  to   space 11776K, 0% used [0x00000000f3600000,0x00000000f3600000,0x00000000f4180000)
 ParOldGen       total 41984K, used 16555K [0x00000000c0000000, 0x00000000c2900000, 0x00000000eaa80000)
  object space 41984K, 39% used [0x00000000c0000000,0x00000000c102ae08,0x00000000c2900000)
 PSPermGen       total 23552K, used 23523K [0x00000000b0000000, 0x00000000b1700000, 0x00000000c0000000)
  object space 23552K, 99% used [0x00000000b0000000,0x00000000b16f8e78,0x00000000b1700000)
}
Event: 11.227 GC heap before
{Heap before GC invocations=6 (full 0):
 PSYoungGen      total 68096K, used 68064K [0x00000000eaa80000, 0x00000000f4180000, 0x0000000100000000)
  eden space 65536K, 100% used [0x00000000eaa80000,0x00000000eea80000,0x00000000eea80000)
  from space 2560K, 98% used [0x00000000eea80000,0x00000000eecf8020,0x00000000eed00000)
  to   space 11776K, 0% used [0x00000000f3600000,0x00000000f3600000,0x00000000f4180000)
 ParOldGen       total 41984K, used 16555K [0x00000000c0000000, 0x00000000c2900000, 0x00000000eaa80000)
  object space 41984K, 39% used [0x00000000c0000000,0x00000000c102ae08,0x00000000c2900000)
 PSPermGen       total 26624K, used 26316K [0x00000000b0000000, 0x00000000b1a00000, 0x00000000c0000000)
  object space 26624K, 98% used [0x00000000b0000000,0x00000000b19b3140,0x00000000b1a00000)
Event: 11.242 GC heap after
Heap after GC invocations=6 (full 0):
 PSYoungGen      total 140800K, used 6042K [0x00000000eaa80000, 0x00000000f3f80000, 0x0000000100000000)
  eden space 131072K, 0% used [0x00000000eaa80000,0x00000000eaa80000,0x00000000f2a80000)
  from space 9728K, 62% used [0x00000000f3600000,0x00000000f3be68d0,0x00000000f3f80000)
  to   space 10752K, 0% used [0x00000000f2a80000,0x00000000f2a80000,0x00000000f3500000)
 ParOldGen       total 41984K, used 16627K [0x00000000c0000000, 0x00000000c2900000, 0x00000000eaa80000)
  object space 41984K, 39% used [0x00000000c0000000,0x00000000c103ce18,0x00000000c2900000)
 PSPermGen       total 26624K, used 26316K [0x00000000b0000000, 0x00000000b1a00000, 0x00000000c0000000)
  object space 26624K, 98% used [0x00000000b0000000,0x00000000b19b3140,0x00000000b1a00000)
}
Event: 16.042 GC heap before
{Heap before GC invocations=7 (full 0):
 PSYoungGen      total 140800K, used 137114K [0x00000000eaa80000, 0x00000000f3f80000, 0x0000000100000000)
  eden space 131072K, 100% used [0x00000000eaa80000,0x00000000f2a80000,0x00000000f2a80000)
  from space 9728K, 62% used [0x00000000f3600000,0x00000000f3be68d0,0x00000000f3f80000)
  to   space 10752K, 0% used [0x00000000f2a80000,0x00000000f2a80000,0x00000000f3500000)
 ParOldGen       total 41984K, used 16627K [0x00000000c0000000, 0x00000000c2900000, 0x00000000eaa80000)
  object space 41984K, 39% used [0x00000000c0000000,0x00000000c103ce18,0x00000000c2900000)
 PSPermGen       total 37376K, used 36899K [0x00000000b0000000, 0x00000000b2480000, 0x00000000c0000000)
  object space 37376K, 98% used [0x00000000b0000000,0x00000000b2408cb0,0x00000000b2480000)
Event: 16.077 GC heap after
Heap after GC invocations=7 (full 0):
 PSYoungGen      total 141824K, used 10724K [0x00000000eaa80000, 0x00000000f3f80000, 0x0000000100000000)
  eden space 131072K, 0% used [0x00000000eaa80000,0x00000000eaa80000,0x00000000f2a80000)
  from space 10752K, 99% used [0x00000000f2a80000,0x00000000f34f9168,0x00000000f3500000)
  to   space 9728K, 0% used [0x00000000f3600000,0x00000000f3600000,0x00000000f3f80000)
 ParOldGen       total 41984K, used 23828K [0x00000000c0000000, 0x00000000c2900000, 0x00000000eaa80000)
  object space 41984K, 56% used [0x00000000c0000000,0x00000000c1745170,0x00000000c2900000)
 PSPermGen       total 37376K, used 36899K [0x00000000b0000000, 0x00000000b2480000, 0x00000000c0000000)
  object space 37376K, 98% used [0x00000000b0000000,0x00000000b2408cb0,0x00000000b2480000)
}
Event: 19.368 GC heap before
{Heap before GC invocations=8 (full 0):
 PSYoungGen      total 141824K, used 141796K [0x00000000eaa80000, 0x00000000f3f80000, 0x0000000100000000)
  eden space 131072K, 100% used [0x00000000eaa80000,0x00000000f2a80000,0x00000000f2a80000)
  from space 10752K, 99% used [0x00000000f2a80000,0x00000000f34f9168,0x00000000f3500000)
  to   space 9728K, 0% used [0x00000000f3600000,0x00000000f3600000,0x00000000f3f80000)
 ParOldGen       total 41984K, used 23828K [0x00000000c0000000, 0x00000000c2900000, 0x00000000eaa80000)
  object space 41984K, 56% used [0x00000000c0000000,0x00000000c1745170,0x00000000c2900000)
 PSPermGen       total 39936K, used 39864K [0x00000000b0000000, 0x00000000b2700000, 0x00000000c0000000)
  object space 39936K, 99% used [0x00000000b0000000,0x00000000b26ee3f0,0x00000000b2700000)
Event: 19.615 GC heap after
Heap after GC invocations=8 (full 0):
 PSYoungGen      total 140800K, used 9715K [0x00000000eaa80000, 0x00000000f3f80000, 0x0000000100000000)
  eden space 131072K, 0% used [0x00000000eaa80000,0x00000000eaa80000,0x00000000f2a80000)
  from space 9728K, 99% used [0x00000000f3600000,0x00000000f3f7cf30,0x00000000f3f80000)
  to   space 10752K, 0% used [0x00000000f2a80000,0x00000000f2a80000,0x00000000f3500000)
 ParOldGen       total 41984K, used 35402K [0x00000000c0000000, 0x00000000c2900000, 0x00000000eaa80000)
  object space 41984K, 84% used [0x00000000c0000000,0x00000000c2292b88,0x00000000c2900000)
 PSPermGen       total 39936K, used 39864K [0x00000000b0000000, 0x00000000b2700000, 0x00000000c0000000)
  object space 39936K, 99% used [0x00000000b0000000,0x00000000b26ee3f0,0x00000000b2700000)
}
Event: 19.639 GC heap before
{Heap before GC invocations=9 (full 1):
 PSYoungGen      total 140800K, used 9715K [0x00000000eaa80000, 0x00000000f3f80000, 0x0000000100000000)
  eden space 131072K, 0% used [0x00000000eaa80000,0x00000000eaa80000,0x00000000f2a80000)
  from space 9728K, 99% used [0x00000000f3600000,0x00000000f3f7cf30,0x00000000f3f80000)
  to   space 10752K, 0% used [0x00000000f2a80000,0x00000000f2a80000,0x00000000f3500000)
 ParOldGen       total 41984K, used 35402K [0x00000000c0000000, 0x00000000c2900000, 0x00000000eaa80000)
  object space 41984K, 84% used [0x00000000c0000000,0x00000000c2292b88,0x00000000c2900000)
 PSPermGen       total 39936K, used 39864K [0x00000000b0000000, 0x00000000b2700000, 0x00000000c0000000)
  object space 39936K, 99% used [0x00000000b0000000,0x00000000b26ee3f0,0x00000000b2700000)
Event: 20.091 GC heap after
Heap after GC invocations=9 (full 1):
 PSYoungGen      total 140800K, used 0K [0x00000000eaa80000, 0x00000000f3f80000, 0x0000000100000000)
  eden space 131072K, 0% used [0x00000000eaa80000,0x00000000eaa80000,0x00000000f2a80000)
  from space 9728K, 0% used [0x00000000f3600000,0x00000000f3600000,0x00000000f3f80000)
  to   space 10752K, 0% used [0x00000000f2a80000,0x00000000f2a80000,0x00000000f3500000)
 ParOldGen       total 77312K, used 39971K [0x00000000c0000000, 0x00000000c4b80000, 0x00000000eaa80000)
  object space 77312K, 51% used [0x00000000c0000000,0x00000000c2708f00,0x00000000c4b80000)
 PSPermGen       total 79872K, used 39844K [0x00000000b0000000, 0x00000000b4e00000, 0x00000000c0000000)
  object space 79872K, 49% used [0x00000000b0000000,0x00000000b26e9178,0x00000000b4e00000)
}

