# JRE version: Java(TM) SE Runtime Environment (7.0_71-b14) (build 1.7.0_71-b14)
# Java VM: Java HotSpot(TM) 64-Bit Server VM (24.71-b01 mixed mode windows-amd64 compressed oops)
Heap
 PSYoungGen      total 66048K, used 32436K [0x00000000eaa80000, 0x00000000f1480000, 0x0000000100000000)
  eden space 56320K, 49% used [0x00000000eaa80000,0x00000000ec586f58,0x00000000ee180000)
  from space 9728K, 48% used [0x00000000ee180000,0x00000000ee6262b0,0x00000000eeb00000)
  to   space 9216K, 0% used [0x00000000f0b80000,0x00000000f0b80000,0x00000000f1480000)
 ParOldGen       total 41984K, used 24543K [0x00000000c0000000, 0x00000000c2900000, 0x00000000eaa80000)
  object space 41984K, 58% used [0x00000000c0000000,0x00000000c17f7df0,0x00000000c2900000)
 PSPermGen       total 40448K, used 40130K [0x00000000b0000000, 0x00000000b2780000, 0x00000000c0000000)
  object space 40448K, 99% used [0x00000000b0000000,0x00000000b2730bf0,0x00000000b2780000)
GC Heap History (10 events):
Event: 15.437 GC heap before
{Heap before GC invocations=9 (full 0):
 PSYoungGen      total 73216K, used 71844K [0x00000000eaa80000, 0x00000000efb80000, 0x0000000100000000)
  eden space 65024K, 100% used [0x00000000eaa80000,0x00000000eea00000,0x00000000eea00000)
  from space 8192K, 83% used [0x00000000ef280000,0x00000000ef9290b8,0x00000000efa80000)
  to   space 8704K, 0% used [0x00000000eea00000,0x00000000eea00000,0x00000000ef280000)
 ParOldGen       total 41984K, used 9374K [0x00000000c0000000, 0x00000000c2900000, 0x00000000eaa80000)
  object space 41984K, 22% used [0x00000000c0000000,0x00000000c0927b68,0x00000000c2900000)
 PSPermGen       total 26624K, used 26300K [0x00000000b0000000, 0x00000000b1a00000, 0x00000000c0000000)
  object space 26624K, 98% used [0x00000000b0000000,0x00000000b19af078,0x00000000b1a00000)
Event: 15.456 GC heap after
Heap after GC invocations=9 (full 0):
 PSYoungGen      total 68608K, used 5800K [0x00000000eaa80000, 0x00000000ef880000, 0x0000000100000000)
  eden space 62464K, 0% used [0x00000000eaa80000,0x00000000eaa80000,0x00000000ee780000)
  from space 6144K, 94% used [0x00000000eea00000,0x00000000eefaa270,0x00000000ef000000)
  to   space 8704K, 0% used [0x00000000ef000000,0x00000000ef000000,0x00000000ef880000)
 ParOldGen       total 41984K, used 11043K [0x00000000c0000000, 0x00000000c2900000, 0x00000000eaa80000)
  object space 41984K, 26% used [0x00000000c0000000,0x00000000c0ac8ec8,0x00000000c2900000)
 PSPermGen       total 26624K, used 26300K [0x00000000b0000000, 0x00000000b1a00000, 0x00000000c0000000)
  object space 26624K, 98% used [0x00000000b0000000,0x00000000b19af078,0x00000000b1a00000)
}
Event: 19.867 GC heap before
{Heap before GC invocations=10 (full 0):
 PSYoungGen      total 68608K, used 68264K [0x00000000eaa80000, 0x00000000ef880000, 0x0000000100000000)
  eden space 62464K, 100% used [0x00000000eaa80000,0x00000000ee780000,0x00000000ee780000)
  from space 6144K, 94% used [0x00000000eea00000,0x00000000eefaa270,0x00000000ef000000)
  to   space 8704K, 0% used [0x00000000ef000000,0x00000000ef000000,0x00000000ef880000)
 ParOldGen       total 41984K, used 11043K [0x00000000c0000000, 0x00000000c2900000, 0x00000000eaa80000)
  object space 41984K, 26% used [0x00000000c0000000,0x00000000c0ac8ec8,0x00000000c2900000)
 PSPermGen       total 30208K, used 29987K [0x00000000b0000000, 0x00000000b1d80000, 0x00000000c0000000)
  object space 30208K, 99% used [0x00000000b0000000,0x00000000b1d48c68,0x00000000b1d80000)
Event: 19.882 GC heap after
Heap after GC invocations=10 (full 0):
 PSYoungGen      total 67072K, used 6120K [0x00000000eaa80000, 0x00000000ef680000, 0x0000000100000000)
  eden space 60416K, 0% used [0x00000000eaa80000,0x00000000eaa80000,0x00000000ee580000)
  from space 6656K, 91% used [0x00000000ef000000,0x00000000ef5fa0f0,0x00000000ef680000)
  to   space 8704K, 0% used [0x00000000ee580000,0x00000000ee580000,0x00000000eee00000)
 ParOldGen       total 41984K, used 13711K [0x00000000c0000000, 0x00000000c2900000, 0x00000000eaa80000)
  object space 41984K, 32% used [0x00000000c0000000,0x00000000c0d63ed8,0x00000000c2900000)
 PSPermGen       total 30208K, used 29987K [0x00000000b0000000, 0x00000000b1d80000, 0x00000000c0000000)
  object space 30208K, 99% used [0x00000000b0000000,0x00000000b1d48c68,0x00000000b1d80000)
}
Event: 23.947 GC heap before
{Heap before GC invocations=11 (full 0):
 PSYoungGen      total 67072K, used 66536K [0x00000000eaa80000, 0x00000000ef680000, 0x0000000100000000)
  eden space 60416K, 100% used [0x00000000eaa80000,0x00000000ee580000,0x00000000ee580000)
  from space 6656K, 91% used [0x00000000ef000000,0x00000000ef5fa0f0,0x00000000ef680000)
  to   space 8704K, 0% used [0x00000000ee580000,0x00000000ee580000,0x00000000eee00000)
 ParOldGen       total 41984K, used 13711K [0x00000000c0000000, 0x00000000c2900000, 0x00000000eaa80000)
  object space 41984K, 32% used [0x00000000c0000000,0x00000000c0d63ed8,0x00000000c2900000)
 PSPermGen       total 37376K, used 36884K [0x00000000b0000000, 0x00000000b2480000, 0x00000000c0000000)
  object space 37376K, 98% used [0x00000000b0000000,0x00000000b2405370,0x00000000b2480000)
Event: 23.966 GC heap after
Heap after GC invocations=11 (full 0):
 PSYoungGen      total 67072K, used 8630K [0x00000000eaa80000, 0x00000000ef680000, 0x0000000100000000)
  eden space 58368K, 0% used [0x00000000eaa80000,0x00000000eaa80000,0x00000000ee380000)
  from space 8704K, 99% used [0x00000000ee580000,0x00000000eededbe8,0x00000000eee00000)
  to   space 8704K, 0% used [0x00000000eee00000,0x00000000eee00000,0x00000000ef680000)
 ParOldGen       total 41984K, used 16987K [0x00000000c0000000, 0x00000000c2900000, 0x00000000eaa80000)
  object space 41984K, 40% used [0x00000000c0000000,0x00000000c1096f28,0x00000000c2900000)
 PSPermGen       total 37376K, used 36884K [0x00000000b0000000, 0x00000000b2480000, 0x00000000c0000000)
  object space 37376K, 98% used [0x00000000b0000000,0x00000000b2405370,0x00000000b2480000)
}
Event: 28.403 GC heap before
{Heap before GC invocations=12 (full 0):
 PSYoungGen      total 67072K, used 66998K [0x00000000eaa80000, 0x00000000ef680000, 0x0000000100000000)
  eden space 58368K, 100% used [0x00000000eaa80000,0x00000000ee380000,0x00000000ee380000)
  from space 8704K, 99% used [0x00000000ee580000,0x00000000eededbe8,0x00000000eee00000)
  to   space 8704K, 0% used [0x00000000eee00000,0x00000000eee00000,0x00000000ef680000)
 ParOldGen       total 41984K, used 16987K [0x00000000c0000000, 0x00000000c2900000, 0x00000000eaa80000)
  object space 41984K, 40% used [0x00000000c0000000,0x00000000c1096f28,0x00000000c2900000)
 PSPermGen       total 37888K, used 37859K [0x00000000b0000000, 0x00000000b2500000, 0x00000000c0000000)
  object space 37888K, 99% used [0x00000000b0000000,0x00000000b24f8d98,0x00000000b2500000)
Event: 28.423 GC heap after
Heap after GC invocations=12 (full 0):
 PSYoungGen      total 62976K, used 4099K [0x00000000eaa80000, 0x00000000ef480000, 0x0000000100000000)
  eden space 56320K, 0% used [0x00000000eaa80000,0x00000000eaa80000,0x00000000ee180000)
  from space 6656K, 61% used [0x00000000eee00000,0x00000000ef200db8,0x00000000ef480000)
  to   space 9728K, 0% used [0x00000000ee180000,0x00000000ee180000,0x00000000eeb00000)
 ParOldGen       total 41984K, used 23060K [0x00000000c0000000, 0x00000000c2900000, 0x00000000eaa80000)
  object space 41984K, 54% used [0x00000000c0000000,0x00000000c16850a8,0x00000000c2900000)
 PSPermGen       total 37888K, used 37859K [0x00000000b0000000, 0x00000000b2500000, 0x00000000c0000000)
  object space 37888K, 99% used [0x00000000b0000000,0x00000000b24f8d98,0x00000000b2500000)
}
Event: 31.599 GC heap before
{Heap before GC invocations=13 (full 0):
 PSYoungGen      total 62976K, used 60419K [0x00000000eaa80000, 0x00000000ef480000, 0x0000000100000000)
  eden space 56320K, 100% used [0x00000000eaa80000,0x00000000ee180000,0x00000000ee180000)
  from space 6656K, 61% used [0x00000000eee00000,0x00000000ef200db8,0x00000000ef480000)
  to   space 9728K, 0% used [0x00000000ee180000,0x00000000ee180000,0x00000000eeb00000)
 ParOldGen       total 41984K, used 23060K [0x00000000c0000000, 0x00000000c2900000, 0x00000000eaa80000)
  object space 41984K, 54% used [0x00000000c0000000,0x00000000c16850a8,0x00000000c2900000)
 PSPermGen       total 38912K, used 38909K [0x00000000b0000000, 0x00000000b2600000, 0x00000000c0000000)
  object space 38912K, 99% used [0x00000000b0000000,0x00000000b25ff778,0x00000000b2600000)
Event: 31.714 GC heap after
Heap after GC invocations=13 (full 0):
 PSYoungGen      total 66048K, used 4760K [0x00000000eaa80000, 0x00000000f1480000, 0x0000000100000000)
  eden space 56320K, 0% used [0x00000000eaa80000,0x00000000eaa80000,0x00000000ee180000)
  from space 9728K, 48% used [0x00000000ee180000,0x00000000ee6262b0,0x00000000eeb00000)
  to   space 9216K, 0% used [0x00000000f0b80000,0x00000000f0b80000,0x00000000f1480000)
 ParOldGen       total 41984K, used 24543K [0x00000000c0000000, 0x00000000c2900000, 0x00000000eaa80000)
  object space 41984K, 58% used [0x00000000c0000000,0x00000000c17f7df0,0x00000000c2900000)
 PSPermGen       total 38912K, used 38909K [0x00000000b0000000, 0x00000000b2600000, 0x00000000c0000000)
  object space 38912K, 99% used [0x00000000b0000000,0x00000000b25ff778,0x00000000b2600000)
}

