# JRE version: Java(TM) SE Runtime Environment (7.0_71-b14) (build 1.7.0_71-b14)
# Java VM: Java HotSpot(TM) 64-Bit Server VM (24.71-b01 mixed mode windows-amd64 compressed oops)
Heap
 PSYoungGen      total 196096K, used 14466K [0x00000000eaa80000, 0x00000000fce80000, 0x0000000100000000)
  eden space 97280K, 14% used [0x00000000eaa80000,0x00000000eb8a0ae8,0x00000000f0980000)
  from space 98816K, 0% used [0x00000000f0980000,0x00000000f0980000,0x00000000f6a00000)
  to   space 94208K, 0% used [0x00000000f6a00000,0x00000000f6a00000,0x00000000fc600000)
 ParOldGen       total 368640K, used 141165K [0x00000000c0000000, 0x00000000d6800000, 0x00000000eaa80000)
  object space 368640K, 38% used [0x00000000c0000000,0x00000000c89db4a0,0x00000000d6800000)
 PSPermGen       total 21504K, used 6041K [0x00000000bae00000, 0x00000000bc300000, 0x00000000c0000000)
  object space 21504K, 28% used [0x00000000bae00000,0x00000000bb3e67c0,0x00000000bc300000)
GC Heap History (10 events):
Event: 41.180 GC heap before
{Heap before GC invocations=25 (full 9):
 PSYoungGen      total 161280K, used 161257K [0x00000000eaa80000, 0x00000000fc600000, 0x0000000100000000)
  eden space 86016K, 100% used [0x00000000eaa80000,0x00000000efe80000,0x00000000efe80000)
  from space 75264K, 99% used [0x00000000efe80000,0x00000000f47fa598,0x00000000f4800000)
  to   space 94208K, 0% used [0x00000000f6a00000,0x00000000f6a00000,0x00000000fc600000)
 ParOldGen       total 368640K, used 192552K [0x00000000c0000000, 0x00000000d6800000, 0x00000000eaa80000)
  object space 368640K, 52% used [0x00000000c0000000,0x00000000cbc0a310,0x00000000d6800000)
 PSPermGen       total 21504K, used 6027K [0x00000000bae00000, 0x00000000bc300000, 0x00000000c0000000)
  object space 21504K, 28% used [0x00000000bae00000,0x00000000bb3e2f70,0x00000000bc300000)
Event: 41.345 GC heap after
Heap after GC invocations=25 (full 9):
 PSYoungGen      total 191488K, used 64408K [0x00000000eaa80000, 0x00000000fce80000, 0x0000000100000000)
  eden space 97280K, 0% used [0x00000000eaa80000,0x00000000eaa80000,0x00000000f0980000)
  from space 94208K, 68% used [0x00000000f6a00000,0x00000000fa8e6248,0x00000000fc600000)
  to   space 98816K, 0% used [0x00000000f0980000,0x00000000f0980000,0x00000000f6a00000)
 ParOldGen       total 368640K, used 228180K [0x00000000c0000000, 0x00000000d6800000, 0x00000000eaa80000)
  object space 368640K, 61% used [0x00000000c0000000,0x00000000cded52f0,0x00000000d6800000)
 PSPermGen       total 21504K, used 6027K [0x00000000bae00000, 0x00000000bc300000, 0x00000000c0000000)
  object space 21504K, 28% used [0x00000000bae00000,0x00000000bb3e2f70,0x00000000bc300000)
}
Event: 41.864 GC heap before
{Heap before GC invocations=26 (full 9):
 PSYoungGen      total 191488K, used 161688K [0x00000000eaa80000, 0x00000000fce80000, 0x0000000100000000)
  eden space 97280K, 100% used [0x00000000eaa80000,0x00000000f0980000,0x00000000f0980000)
  from space 94208K, 68% used [0x00000000f6a00000,0x00000000fa8e6248,0x00000000fc600000)
  to   space 98816K, 0% used [0x00000000f0980000,0x00000000f0980000,0x00000000f6a00000)
 ParOldGen       total 368640K, used 228180K [0x00000000c0000000, 0x00000000d6800000, 0x00000000eaa80000)
  object space 368640K, 61% used [0x00000000c0000000,0x00000000cded52f0,0x00000000d6800000)
 PSPermGen       total 21504K, used 6038K [0x00000000bae00000, 0x00000000bc300000, 0x00000000c0000000)
  object space 21504K, 28% used [0x00000000bae00000,0x00000000bb3e5880,0x00000000bc300000)
Event: 42.229 GC heap after
Heap after GC invocations=26 (full 9):
 PSYoungGen      total 196096K, used 98793K [0x00000000eaa80000, 0x00000000fce80000, 0x0000000100000000)
  eden space 97280K, 0% used [0x00000000eaa80000,0x00000000eaa80000,0x00000000f0980000)
  from space 98816K, 99% used [0x00000000f0980000,0x00000000f69fa7a0,0x00000000f6a00000)
  to   space 94208K, 0% used [0x00000000f6a00000,0x00000000f6a00000,0x00000000fc600000)
 ParOldGen       total 368640K, used 235382K [0x00000000c0000000, 0x00000000d6800000, 0x00000000eaa80000)
  object space 368640K, 63% used [0x00000000c0000000,0x00000000ce5ddb18,0x00000000d6800000)
 PSPermGen       total 21504K, used 6038K [0x00000000bae00000, 0x00000000bc300000, 0x00000000c0000000)
  object space 21504K, 28% used [0x00000000bae00000,0x00000000bb3e5880,0x00000000bc300000)
}
Event: 42.390 GC heap before
{Heap before GC invocations=27 (full 9):
 PSYoungGen      total 196096K, used 196073K [0x00000000eaa80000, 0x00000000fce80000, 0x0000000100000000)
  eden space 97280K, 100% used [0x00000000eaa80000,0x00000000f0980000,0x00000000f0980000)
  from space 98816K, 99% used [0x00000000f0980000,0x00000000f69fa7a0,0x00000000f6a00000)
  to   space 94208K, 0% used [0x00000000f6a00000,0x00000000f6a00000,0x00000000fc600000)
 ParOldGen       total 368640K, used 235382K [0x00000000c0000000, 0x00000000d6800000, 0x00000000eaa80000)
  object space 368640K, 63% used [0x00000000c0000000,0x00000000ce5ddb18,0x00000000d6800000)
 PSPermGen       total 21504K, used 6039K [0x00000000bae00000, 0x00000000bc300000, 0x00000000c0000000)
  object space 21504K, 28% used [0x00000000bae00000,0x00000000bb3e5ed8,0x00000000bc300000)
Event: 42.770 GC heap after
Heap after GC invocations=27 (full 9):
 PSYoungGen      total 191488K, used 83136K [0x00000000eaa80000, 0x00000000fce80000, 0x0000000100000000)
  eden space 97280K, 0% used [0x00000000eaa80000,0x00000000eaa80000,0x00000000f0980000)
  from space 94208K, 88% used [0x00000000f6a00000,0x00000000fbb30248,0x00000000fc600000)
  to   space 98816K, 0% used [0x00000000f0980000,0x00000000f0980000,0x00000000f6a00000)
 ParOldGen       total 368640K, used 294657K [0x00000000c0000000, 0x00000000d6800000, 0x00000000eaa80000)
  object space 368640K, 79% used [0x00000000c0000000,0x00000000d1fc0568,0x00000000d6800000)
 PSPermGen       total 21504K, used 6039K [0x00000000bae00000, 0x00000000bc300000, 0x00000000c0000000)
  object space 21504K, 28% used [0x00000000bae00000,0x00000000bb3e5ed8,0x00000000bc300000)
}
Event: 43.532 GC heap before
{Heap before GC invocations=28 (full 9):
 PSYoungGen      total 191488K, used 180416K [0x00000000eaa80000, 0x00000000fce80000, 0x0000000100000000)
  eden space 97280K, 100% used [0x00000000eaa80000,0x00000000f0980000,0x00000000f0980000)
  from space 94208K, 88% used [0x00000000f6a00000,0x00000000fbb30248,0x00000000fc600000)
  to   space 98816K, 0% used [0x00000000f0980000,0x00000000f0980000,0x00000000f6a00000)
 ParOldGen       total 368640K, used 294657K [0x00000000c0000000, 0x00000000d6800000, 0x00000000eaa80000)
  object space 368640K, 79% used [0x00000000c0000000,0x00000000d1fc0568,0x00000000d6800000)
 PSPermGen       total 21504K, used 6040K [0x00000000bae00000, 0x00000000bc300000, 0x00000000c0000000)
  object space 21504K, 28% used [0x00000000bae00000,0x00000000bb3e62d0,0x00000000bc300000)
Event: 46.613 GC heap after
Heap after GC invocations=28 (full 9):
 PSYoungGen      total 196096K, used 18390K [0x00000000eaa80000, 0x00000000fce80000, 0x0000000100000000)
  eden space 97280K, 0% used [0x00000000eaa80000,0x00000000eaa80000,0x00000000f0980000)
  from space 98816K, 18% used [0x00000000f0980000,0x00000000f1b75b70,0x00000000f6a00000)
  to   space 94208K, 0% used [0x00000000f6a00000,0x00000000f6a00000,0x00000000fc600000)
 ParOldGen       total 368640K, used 338991K [0x00000000c0000000, 0x00000000d6800000, 0x00000000eaa80000)
  object space 368640K, 91% used [0x00000000c0000000,0x00000000d4b0bfd0,0x00000000d6800000)
 PSPermGen       total 21504K, used 6040K [0x00000000bae00000, 0x00000000bc300000, 0x00000000c0000000)
  object space 21504K, 28% used [0x00000000bae00000,0x00000000bb3e62d0,0x00000000bc300000)
}
Event: 46.613 GC heap before
{Heap before GC invocations=29 (full 10):
 PSYoungGen      total 196096K, used 18390K [0x00000000eaa80000, 0x00000000fce80000, 0x0000000100000000)
  eden space 97280K, 0% used [0x00000000eaa80000,0x00000000eaa80000,0x00000000f0980000)
  from space 98816K, 18% used [0x00000000f0980000,0x00000000f1b75b70,0x00000000f6a00000)
  to   space 94208K, 0% used [0x00000000f6a00000,0x00000000f6a00000,0x00000000fc600000)
 ParOldGen       total 368640K, used 338991K [0x00000000c0000000, 0x00000000d6800000, 0x00000000eaa80000)
  object space 368640K, 91% used [0x00000000c0000000,0x00000000d4b0bfd0,0x00000000d6800000)
 PSPermGen       total 21504K, used 6040K [0x00000000bae00000, 0x00000000bc300000, 0x00000000c0000000)
  object space 21504K, 28% used [0x00000000bae00000,0x00000000bb3e62d0,0x00000000bc300000)
Event: 48.120 GC heap after
Heap after GC invocations=29 (full 10):
 PSYoungGen      total 196096K, used 0K [0x00000000eaa80000, 0x00000000fce80000, 0x0000000100000000)
  eden space 97280K, 0% used [0x00000000eaa80000,0x00000000eaa80000,0x00000000f0980000)
  from space 98816K, 0% used [0x00000000f0980000,0x00000000f0980000,0x00000000f6a00000)
  to   space 94208K, 0% used [0x00000000f6a00000,0x00000000f6a00000,0x00000000fc600000)
 ParOldGen       total 368640K, used 141165K [0x00000000c0000000, 0x00000000d6800000, 0x00000000eaa80000)
  object space 368640K, 38% used [0x00000000c0000000,0x00000000c89db4a0,0x00000000d6800000)
 PSPermGen       total 21504K, used 6040K [0x00000000bae00000, 0x00000000bc300000, 0x00000000c0000000)
  object space 21504K, 28% used [0x00000000bae00000,0x00000000bb3e6230,0x00000000bc300000)
}

